{
    "Groups": [],
    "Instances": [
        {
            "AmiLaunchIndex": 0,
            "ImageId": "ami-1b791862",
            "InstanceId": "i-094d3184e2416fb36",
            "InstanceType": "t2.micro",
            "LaunchTime": "2019-01-13T17:19:50.000Z",
            "Monitoring": {
                "State": "disabled"
            },
            "Placement": {
                "AvailabilityZone": "eu-west-1a",
                "GroupName": "",
                "Tenancy": "default"
            },
            "PrivateDnsName": "ip-172-31-28-255.eu-west-1.compute.internal",
            "PrivateIpAddress": "172.31.28.255",
            "ProductCodes": [],
            "PublicDnsName": "",
            "State": {
                "Code": 0,
                "Name": "pending"
            },
            "StateTransitionReason": "",
            "SubnetId": "subnet-0b196e43",
            "VpcId": "vpc-0c98b36a",
            "Architecture": "x86_64",
            "BlockDeviceMappings": [],
            "ClientToken": "",
            "EbsOptimized": false,
            "Hypervisor": "xen",
            "NetworkInterfaces": [
                {
                    "Attachment": {
                        "AttachTime": "2019-01-13T17:19:50.000Z",
                        "AttachmentId": "eni-attach-079c8f751e5f01393",
                        "DeleteOnTermination": true,
                        "DeviceIndex": 0,
                        "Status": "attaching"
                    },
                    "Description": "",
                    "Groups": [
                        {
                            "GroupName": "default",
                            "GroupId": "sg-15c88e64"
                        }
                    ],
                    "Ipv6Addresses": [],
                    "MacAddress": "06:0f:de:e0:6f:a0",
                    "NetworkInterfaceId": "eni-0353b7262fbdcadc1",
                    "OwnerId": "083742125293",
                    "PrivateDnsName": "ip-172-31-28-255.eu-west-1.compute.internal",
                    "PrivateIpAddress": "172.31.28.255",
                    "PrivateIpAddresses": [
                        {
                            "Primary": true,
                            "PrivateDnsName": "ip-172-31-28-255.eu-west-1.compute.internal",
                            "PrivateIpAddress": "172.31.28.255"
                        }
                    ],
                    "SourceDestCheck": true,
                    "Status": "in-use",
                    "SubnetId": "subnet-0b196e43",
                    "VpcId": "vpc-0c98b36a"
                }
            ],
            "RootDeviceName": "/dev/sda1",
            "RootDeviceType": "ebs",
            "SecurityGroups": [
                {
                    "GroupName": "default",
                    "GroupId": "sg-15c88e64"
                }
            ],
            "SourceDestCheck": true,
            "StateReason": {
                "Code": "pending",
                "Message": "pending"
            },
            "VirtualizationType": "hvm",
            "CpuOptions": {
                "CoreCount": 1,
                "ThreadsPerCore": 1
            }
        }
    ],
    "OwnerId": "083742125293",
    "ReservationId": "r-044952624c0c0dfa1"
}
{
    "Groups": [],
    "Instances": [
        {
            "AmiLaunchIndex": 0,
            "ImageId": "ami-1b791862",
            "InstanceId": "i-094ef93477ee114cb",
            "InstanceType": "t2.micro",
            "LaunchTime": "2019-01-13T17:20:19.000Z",
            "Monitoring": {
                "State": "disabled"
            },
            "Placement": {
                "AvailabilityZone": "eu-west-1a",
                "GroupName": "",
                "Tenancy": "default"
            },
            "PrivateDnsName": "ip-172-31-29-211.eu-west-1.compute.internal",
            "PrivateIpAddress": "172.31.29.211",
            "ProductCodes": [],
            "PublicDnsName": "",
            "State": {
                "Code": 0,
                "Name": "pending"
            },
            "StateTransitionReason": "",
            "SubnetId": "subnet-0b196e43",
            "VpcId": "vpc-0c98b36a",
            "Architecture": "x86_64",
            "BlockDeviceMappings": [],
            "ClientToken": "",
            "EbsOptimized": false,
            "Hypervisor": "xen",
            "NetworkInterfaces": [
                {
                    "Attachment": {
                        "AttachTime": "2019-01-13T17:20:19.000Z",
                        "AttachmentId": "eni-attach-0094e62f8fb1b4cfa",
                        "DeleteOnTermination": true,
                        "DeviceIndex": 0,
                        "Status": "attaching"
                    },
                    "Description": "",
                    "Groups": [
                        {
                            "GroupName": "default",
                            "GroupId": "sg-15c88e64"
                        }
                    ],
                    "Ipv6Addresses": [],
                    "MacAddress": "06:be:97:66:2e:0e",
                    "NetworkInterfaceId": "eni-0d9abc0b5e16d6a5e",
                    "OwnerId": "083742125293",
                    "PrivateDnsName": "ip-172-31-29-211.eu-west-1.compute.internal",
                    "PrivateIpAddress": "172.31.29.211",
                    "PrivateIpAddresses": [
                        {
                            "Primary": true,
                            "PrivateDnsName": "ip-172-31-29-211.eu-west-1.compute.internal",
                            "PrivateIpAddress": "172.31.29.211"
                        }
                    ],
                    "SourceDestCheck": true,
                    "Status": "in-use",
                    "SubnetId": "subnet-0b196e43",
                    "VpcId": "vpc-0c98b36a"
                }
            ],
            "RootDeviceName": "/dev/sda1",
            "RootDeviceType": "ebs",
            "SecurityGroups": [
                {
                    "GroupName": "default",
                    "GroupId": "sg-15c88e64"
                }
            ],
            "SourceDestCheck": true,
            "StateReason": {
                "Code": "pending",
                "Message": "pending"
            },
            "VirtualizationType": "hvm",
            "CpuOptions": {
                "CoreCount": 1,
                "ThreadsPerCore": 1
            }
        }
    ],
    "OwnerId": "083742125293",
    "ReservationId": "r-098b870beb670a11d"
}
{
    "Groups": [],
    "Instances": [
        {
            "AmiLaunchIndex": 0,
            "ImageId": "ami-1b791862",
            "InstanceId": "i-0a2ec2df378801e10",
            "InstanceType": "t2.micro",
            "LaunchTime": "2019-01-13T17:20:47.000Z",
            "Monitoring": {
                "State": "disabled"
            },
            "Placement": {
                "AvailabilityZone": "eu-west-1a",
                "GroupName": "",
                "Tenancy": "default"
            },
            "PrivateDnsName": "ip-172-31-16-40.eu-west-1.compute.internal",
            "PrivateIpAddress": "172.31.16.40",
            "ProductCodes": [],
            "PublicDnsName": "",
            "State": {
                "Code": 0,
                "Name": "pending"
            },
            "StateTransitionReason": "",
            "SubnetId": "subnet-0b196e43",
            "VpcId": "vpc-0c98b36a",
            "Architecture": "x86_64",
            "BlockDeviceMappings": [],
            "ClientToken": "",
            "EbsOptimized": false,
            "Hypervisor": "xen",
            "NetworkInterfaces": [
                {
                    "Attachment": {
                        "AttachTime": "2019-01-13T17:20:47.000Z",
                        "AttachmentId": "eni-attach-0fb713f5bd39f8434",
                        "DeleteOnTermination": true,
                        "DeviceIndex": 0,
                        "Status": "attaching"
                    },
                    "Description": "",
                    "Groups": [
                        {
                            "GroupName": "default",
                            "GroupId": "sg-15c88e64"
                        }
                    ],
                    "Ipv6Addresses": [],
                    "MacAddress": "06:8d:62:22:ec:64",
                    "NetworkInterfaceId": "eni-0c2671951bb22c4a5",
                    "OwnerId": "083742125293",
                    "PrivateDnsName": "ip-172-31-16-40.eu-west-1.compute.internal",
                    "PrivateIpAddress": "172.31.16.40",
                    "PrivateIpAddresses": [
                        {
                            "Primary": true,
                            "PrivateDnsName": "ip-172-31-16-40.eu-west-1.compute.internal",
                            "PrivateIpAddress": "172.31.16.40"
                        }
                    ],
                    "SourceDestCheck": true,
                    "Status": "in-use",
                    "SubnetId": "subnet-0b196e43",
                    "VpcId": "vpc-0c98b36a"
                }
            ],
            "RootDeviceName": "/dev/sda1",
            "RootDeviceType": "ebs",
            "SecurityGroups": [
                {
                    "GroupName": "default",
                    "GroupId": "sg-15c88e64"
                }
            ],
            "SourceDestCheck": true,
            "StateReason": {
                "Code": "pending",
                "Message": "pending"
            },
            "VirtualizationType": "hvm",
            "CpuOptions": {
                "CoreCount": 1,
                "ThreadsPerCore": 1
            }
        }
    ],
    "OwnerId": "083742125293",
    "ReservationId": "r-0b917df33de62a88c"
}
{
    "Groups": [],
    "Instances": [
        {
            "AmiLaunchIndex": 0,
            "ImageId": "ami-1b791862",
            "InstanceId": "i-05c53d780a1f54473",
            "InstanceType": "t2.micro",
            "LaunchTime": "2019-01-13T17:21:14.000Z",
            "Monitoring": {
                "State": "disabled"
            },
            "Placement": {
                "AvailabilityZone": "eu-west-1a",
                "GroupName": "",
                "Tenancy": "default"
            },
            "PrivateDnsName": "ip-172-31-20-5.eu-west-1.compute.internal",
            "PrivateIpAddress": "172.31.20.5",
            "ProductCodes": [],
            "PublicDnsName": "",
            "State": {
                "Code": 0,
                "Name": "pending"
            },
            "StateTransitionReason": "",
            "SubnetId": "subnet-0b196e43",
            "VpcId": "vpc-0c98b36a",
            "Architecture": "x86_64",
            "BlockDeviceMappings": [],
            "ClientToken": "",
            "EbsOptimized": false,
            "Hypervisor": "xen",
            "NetworkInterfaces": [
                {
                    "Attachment": {
                        "AttachTime": "2019-01-13T17:21:14.000Z",
                        "AttachmentId": "eni-attach-05f09ce1aa6dc4985",
                        "DeleteOnTermination": true,
                        "DeviceIndex": 0,
                        "Status": "attaching"
                    },
                    "Description": "",
                    "Groups": [
                        {
                            "GroupName": "default",
                            "GroupId": "sg-15c88e64"
                        }
                    ],
                    "Ipv6Addresses": [],
                    "MacAddress": "06:ec:4a:09:21:b8",
                    "NetworkInterfaceId": "eni-086c9a631cf84a727",
                    "OwnerId": "083742125293",
                    "PrivateDnsName": "ip-172-31-20-5.eu-west-1.compute.internal",
                    "PrivateIpAddress": "172.31.20.5",
                    "PrivateIpAddresses": [
                        {
                            "Primary": true,
                            "PrivateDnsName": "ip-172-31-20-5.eu-west-1.compute.internal",
                            "PrivateIpAddress": "172.31.20.5"
                        }
                    ],
                    "SourceDestCheck": true,
                    "Status": "in-use",
                    "SubnetId": "subnet-0b196e43",
                    "VpcId": "vpc-0c98b36a"
                }
            ],
            "RootDeviceName": "/dev/sda1",
            "RootDeviceType": "ebs",
            "SecurityGroups": [
                {
                    "GroupName": "default",
                    "GroupId": "sg-15c88e64"
                }
            ],
            "SourceDestCheck": true,
            "StateReason": {
                "Code": "pending",
                "Message": "pending"
            },
            "VirtualizationType": "hvm",
            "CpuOptions": {
                "CoreCount": 1,
                "ThreadsPerCore": 1
            }
        }
    ],
    "OwnerId": "083742125293",
    "ReservationId": "r-031abe716ab0df572"
}
{
    "Groups": [],
    "Instances": [
        {
            "AmiLaunchIndex": 0,
            "ImageId": "ami-1b791862",
            "InstanceId": "i-0623bfec1800fad06",
            "InstanceType": "t2.micro",
            "LaunchTime": "2019-01-13T17:21:41.000Z",
            "Monitoring": {
                "State": "disabled"
            },
            "Placement": {
                "AvailabilityZone": "eu-west-1a",
                "GroupName": "",
                "Tenancy": "default"
            },
            "PrivateDnsName": "ip-172-31-19-94.eu-west-1.compute.internal",
            "PrivateIpAddress": "172.31.19.94",
            "ProductCodes": [],
            "PublicDnsName": "",
            "State": {
                "Code": 0,
                "Name": "pending"
            },
            "StateTransitionReason": "",
            "SubnetId": "subnet-0b196e43",
            "VpcId": "vpc-0c98b36a",
            "Architecture": "x86_64",
            "BlockDeviceMappings": [],
            "ClientToken": "",
            "EbsOptimized": false,
            "Hypervisor": "xen",
            "NetworkInterfaces": [
                {
                    "Attachment": {
                        "AttachTime": "2019-01-13T17:21:41.000Z",
                        "AttachmentId": "eni-attach-0bd12342548156153",
                        "DeleteOnTermination": true,
                        "DeviceIndex": 0,
                        "Status": "attaching"
                    },
                    "Description": "",
                    "Groups": [
                        {
                            "GroupName": "default",
                            "GroupId": "sg-15c88e64"
                        }
                    ],
                    "Ipv6Addresses": [],
                    "MacAddress": "06:c8:34:1c:aa:46",
                    "NetworkInterfaceId": "eni-0b79a61ff264bb7e0",
                    "OwnerId": "083742125293",
                    "PrivateDnsName": "ip-172-31-19-94.eu-west-1.compute.internal",
                    "PrivateIpAddress": "172.31.19.94",
                    "PrivateIpAddresses": [
                        {
                            "Primary": true,
                            "PrivateDnsName": "ip-172-31-19-94.eu-west-1.compute.internal",
                            "PrivateIpAddress": "172.31.19.94"
                        }
                    ],
                    "SourceDestCheck": true,
                    "Status": "in-use",
                    "SubnetId": "subnet-0b196e43",
                    "VpcId": "vpc-0c98b36a"
                }
            ],
            "RootDeviceName": "/dev/sda1",
            "RootDeviceType": "ebs",
            "SecurityGroups": [
                {
                    "GroupName": "default",
                    "GroupId": "sg-15c88e64"
                }
            ],
            "SourceDestCheck": true,
            "StateReason": {
                "Code": "pending",
                "Message": "pending"
            },
            "VirtualizationType": "hvm",
            "CpuOptions": {
                "CoreCount": 1,
                "ThreadsPerCore": 1
            }
        }
    ],
    "OwnerId": "083742125293",
    "ReservationId": "r-080621b4f34f6f25c"
}
{
    "Groups": [],
    "Instances": [
        {
            "AmiLaunchIndex": 0,
            "ImageId": "ami-1b791862",
            "InstanceId": "i-0ebed93397e46e4f4",
            "InstanceType": "t2.micro",
            "LaunchTime": "2019-01-13T17:22:05.000Z",
            "Monitoring": {
                "State": "disabled"
            },
            "Placement": {
                "AvailabilityZone": "eu-west-1a",
                "GroupName": "",
                "Tenancy": "default"
            },
            "PrivateDnsName": "ip-172-31-25-71.eu-west-1.compute.internal",
            "PrivateIpAddress": "172.31.25.71",
            "ProductCodes": [],
            "PublicDnsName": "",
            "State": {
                "Code": 0,
                "Name": "pending"
            },
            "StateTransitionReason": "",
            "SubnetId": "subnet-0b196e43",
            "VpcId": "vpc-0c98b36a",
            "Architecture": "x86_64",
            "BlockDeviceMappings": [],
            "ClientToken": "",
            "EbsOptimized": false,
            "Hypervisor": "xen",
            "NetworkInterfaces": [
                {
                    "Attachment": {
                        "AttachTime": "2019-01-13T17:22:05.000Z",
                        "AttachmentId": "eni-attach-06b4fbc270a7086e4",
                        "DeleteOnTermination": true,
                        "DeviceIndex": 0,
                        "Status": "attaching"
                    },
                    "Description": "",
                    "Groups": [
                        {
                            "GroupName": "default",
                            "GroupId": "sg-15c88e64"
                        }
                    ],
                    "Ipv6Addresses": [],
                    "MacAddress": "06:5d:7e:3f:b0:70",
                    "NetworkInterfaceId": "eni-0d979a706011e5e59",
                    "OwnerId": "083742125293",
                    "PrivateDnsName": "ip-172-31-25-71.eu-west-1.compute.internal",
                    "PrivateIpAddress": "172.31.25.71",
                    "PrivateIpAddresses": [
                        {
                            "Primary": true,
                            "PrivateDnsName": "ip-172-31-25-71.eu-west-1.compute.internal",
                            "PrivateIpAddress": "172.31.25.71"
                        }
                    ],
                    "SourceDestCheck": true,
                    "Status": "in-use",
                    "SubnetId": "subnet-0b196e43",
                    "VpcId": "vpc-0c98b36a"
                }
            ],
            "RootDeviceName": "/dev/sda1",
            "RootDeviceType": "ebs",
            "SecurityGroups": [
                {
                    "GroupName": "default",
                    "GroupId": "sg-15c88e64"
                }
            ],
            "SourceDestCheck": true,
            "StateReason": {
                "Code": "pending",
                "Message": "pending"
            },
            "VirtualizationType": "hvm",
            "CpuOptions": {
                "CoreCount": 1,
                "ThreadsPerCore": 1
            }
        }
    ],
    "OwnerId": "083742125293",
    "ReservationId": "r-0462052bc274d9ba8"
}
{
    "Groups": [],
    "Instances": [
        {
            "AmiLaunchIndex": 0,
            "ImageId": "ami-1b791862",
            "InstanceId": "i-0fefbecf241b6c6db",
            "InstanceType": "t2.micro",
            "LaunchTime": "2019-01-13T18:24:22.000Z",
            "Monitoring": {
                "State": "disabled"
            },
            "Placement": {
                "AvailabilityZone": "eu-west-1a",
                "GroupName": "",
                "Tenancy": "default"
            },
            "PrivateDnsName": "ip-172-31-29-88.eu-west-1.compute.internal",
            "PrivateIpAddress": "172.31.29.88",
            "ProductCodes": [],
            "PublicDnsName": "",
            "State": {
                "Code": 0,
                "Name": "pending"
            },
            "StateTransitionReason": "",
            "SubnetId": "subnet-0b196e43",
            "VpcId": "vpc-0c98b36a",
            "Architecture": "x86_64",
            "BlockDeviceMappings": [],
            "ClientToken": "",
            "EbsOptimized": false,
            "Hypervisor": "xen",
            "NetworkInterfaces": [
                {
                    "Attachment": {
                        "AttachTime": "2019-01-13T18:24:22.000Z",
                        "AttachmentId": "eni-attach-0d6842f254e7eaf75",
                        "DeleteOnTermination": true,
                        "DeviceIndex": 0,
                        "Status": "attaching"
                    },
                    "Description": "",
                    "Groups": [
                        {
                            "GroupName": "default",
                            "GroupId": "sg-15c88e64"
                        }
                    ],
                    "Ipv6Addresses": [],
                    "MacAddress": "06:07:19:30:a9:ea",
                    "NetworkInterfaceId": "eni-05d4866dc9135eee0",
                    "OwnerId": "083742125293",
                    "PrivateDnsName": "ip-172-31-29-88.eu-west-1.compute.internal",
                    "PrivateIpAddress": "172.31.29.88",
                    "PrivateIpAddresses": [
                        {
                            "Primary": true,
                            "PrivateDnsName": "ip-172-31-29-88.eu-west-1.compute.internal",
                            "PrivateIpAddress": "172.31.29.88"
                        }
                    ],
                    "SourceDestCheck": true,
                    "Status": "in-use",
                    "SubnetId": "subnet-0b196e43",
                    "VpcId": "vpc-0c98b36a"
                }
            ],
            "RootDeviceName": "/dev/sda1",
            "RootDeviceType": "ebs",
            "SecurityGroups": [
                {
                    "GroupName": "default",
                    "GroupId": "sg-15c88e64"
                }
            ],
            "SourceDestCheck": true,
            "StateReason": {
                "Code": "pending",
                "Message": "pending"
            },
            "VirtualizationType": "hvm",
            "CpuOptions": {
                "CoreCount": 1,
                "ThreadsPerCore": 1
            }
        }
    ],
    "OwnerId": "083742125293",
    "ReservationId": "r-09f8404ebae2e3364"
}
{
    "Groups": [],
    "Instances": [
        {
            "AmiLaunchIndex": 0,
            "ImageId": "ami-1b791862",
            "InstanceId": "i-0245d7e2ba137aafc",
            "InstanceType": "t2.micro",
            "LaunchTime": "2019-01-13T18:24:57.000Z",
            "Monitoring": {
                "State": "disabled"
            },
            "Placement": {
                "AvailabilityZone": "eu-west-1c",
                "GroupName": "",
                "Tenancy": "default"
            },
            "PrivateDnsName": "ip-172-31-2-7.eu-west-1.compute.internal",
            "PrivateIpAddress": "172.31.2.7",
            "ProductCodes": [],
            "PublicDnsName": "",
            "State": {
                "Code": 0,
                "Name": "pending"
            },
            "StateTransitionReason": "",
            "SubnetId": "subnet-c485e1a2",
            "VpcId": "vpc-0c98b36a",
            "Architecture": "x86_64",
            "BlockDeviceMappings": [],
            "ClientToken": "",
            "EbsOptimized": false,
            "Hypervisor": "xen",
            "NetworkInterfaces": [
                {
                    "Attachment": {
                        "AttachTime": "2019-01-13T18:24:57.000Z",
                        "AttachmentId": "eni-attach-0b6a9641114afec36",
                        "DeleteOnTermination": true,
                        "DeviceIndex": 0,
                        "Status": "attaching"
                    },
                    "Description": "",
                    "Groups": [
                        {
                            "GroupName": "default",
                            "GroupId": "sg-15c88e64"
                        }
                    ],
                    "Ipv6Addresses": [],
                    "MacAddress": "02:e6:00:4e:08:ee",
                    "NetworkInterfaceId": "eni-01b09859ac02f0a6a",
                    "OwnerId": "083742125293",
                    "PrivateDnsName": "ip-172-31-2-7.eu-west-1.compute.internal",
                    "PrivateIpAddress": "172.31.2.7",
                    "PrivateIpAddresses": [
                        {
                            "Primary": true,
                            "PrivateDnsName": "ip-172-31-2-7.eu-west-1.compute.internal",
                            "PrivateIpAddress": "172.31.2.7"
                        }
                    ],
                    "SourceDestCheck": true,
                    "Status": "in-use",
                    "SubnetId": "subnet-c485e1a2",
                    "VpcId": "vpc-0c98b36a"
                }
            ],
            "RootDeviceName": "/dev/sda1",
            "RootDeviceType": "ebs",
            "SecurityGroups": [
                {
                    "GroupName": "default",
                    "GroupId": "sg-15c88e64"
                }
            ],
            "SourceDestCheck": true,
            "StateReason": {
                "Code": "pending",
                "Message": "pending"
            },
            "VirtualizationType": "hvm",
            "CpuOptions": {
                "CoreCount": 1,
                "ThreadsPerCore": 1
            }
        }
    ],
    "OwnerId": "083742125293",
    "ReservationId": "r-090d16229121a6b20"
}
{
    "Groups": [],
    "Instances": [
        {
            "AmiLaunchIndex": 0,
            "ImageId": "ami-1b791862",
            "InstanceId": "i-0bb5a2e8d6d3c32d0",
            "InstanceType": "t2.micro",
            "LaunchTime": "2019-01-13T18:25:24.000Z",
            "Monitoring": {
                "State": "disabled"
            },
            "Placement": {
                "AvailabilityZone": "eu-west-1c",
                "GroupName": "",
                "Tenancy": "default"
            },
            "PrivateDnsName": "ip-172-31-0-54.eu-west-1.compute.internal",
            "PrivateIpAddress": "172.31.0.54",
            "ProductCodes": [],
            "PublicDnsName": "",
            "State": {
                "Code": 0,
                "Name": "pending"
            },
            "StateTransitionReason": "",
            "SubnetId": "subnet-c485e1a2",
            "VpcId": "vpc-0c98b36a",
            "Architecture": "x86_64",
            "BlockDeviceMappings": [],
            "ClientToken": "",
            "EbsOptimized": false,
            "Hypervisor": "xen",
            "NetworkInterfaces": [
                {
                    "Attachment": {
                        "AttachTime": "2019-01-13T18:25:24.000Z",
                        "AttachmentId": "eni-attach-04ab77b974ed99515",
                        "DeleteOnTermination": true,
                        "DeviceIndex": 0,
                        "Status": "attaching"
                    },
                    "Description": "",
                    "Groups": [
                        {
                            "GroupName": "default",
                            "GroupId": "sg-15c88e64"
                        }
                    ],
                    "Ipv6Addresses": [],
                    "MacAddress": "02:11:85:73:e2:cc",
                    "NetworkInterfaceId": "eni-0463d3377b2d5e1d6",
                    "OwnerId": "083742125293",
                    "PrivateDnsName": "ip-172-31-0-54.eu-west-1.compute.internal",
                    "PrivateIpAddress": "172.31.0.54",
                    "PrivateIpAddresses": [
                        {
                            "Primary": true,
                            "PrivateDnsName": "ip-172-31-0-54.eu-west-1.compute.internal",
                            "PrivateIpAddress": "172.31.0.54"
                        }
                    ],
                    "SourceDestCheck": true,
                    "Status": "in-use",
                    "SubnetId": "subnet-c485e1a2",
                    "VpcId": "vpc-0c98b36a"
                }
            ],
            "RootDeviceName": "/dev/sda1",
            "RootDeviceType": "ebs",
            "SecurityGroups": [
                {
                    "GroupName": "default",
                    "GroupId": "sg-15c88e64"
                }
            ],
            "SourceDestCheck": true,
            "StateReason": {
                "Code": "pending",
                "Message": "pending"
            },
            "VirtualizationType": "hvm",
            "CpuOptions": {
                "CoreCount": 1,
                "ThreadsPerCore": 1
            }
        }
    ],
    "OwnerId": "083742125293",
    "ReservationId": "r-04886802f44ecdf45"
}
{
    "Groups": [],
    "Instances": [
        {
            "AmiLaunchIndex": 0,
            "ImageId": "ami-1b791862",
            "InstanceId": "i-0fd84b9e80e4cf0a4",
            "InstanceType": "t2.micro",
            "LaunchTime": "2019-01-13T18:25:53.000Z",
            "Monitoring": {
                "State": "disabled"
            },
            "Placement": {
                "AvailabilityZone": "eu-west-1a",
                "GroupName": "",
                "Tenancy": "default"
            },
            "PrivateDnsName": "ip-172-31-23-236.eu-west-1.compute.internal",
            "PrivateIpAddress": "172.31.23.236",
            "ProductCodes": [],
            "PublicDnsName": "",
            "State": {
                "Code": 0,
                "Name": "pending"
            },
            "StateTransitionReason": "",
            "SubnetId": "subnet-0b196e43",
            "VpcId": "vpc-0c98b36a",
            "Architecture": "x86_64",
            "BlockDeviceMappings": [],
            "ClientToken": "",
            "EbsOptimized": false,
            "Hypervisor": "xen",
            "NetworkInterfaces": [
                {
                    "Attachment": {
                        "AttachTime": "2019-01-13T18:25:53.000Z",
                        "AttachmentId": "eni-attach-0b71561f5d8824a06",
                        "DeleteOnTermination": true,
                        "DeviceIndex": 0,
                        "Status": "attaching"
                    },
                    "Description": "",
                    "Groups": [
                        {
                            "GroupName": "default",
                            "GroupId": "sg-15c88e64"
                        }
                    ],
                    "Ipv6Addresses": [],
                    "MacAddress": "06:86:e5:95:00:f2",
                    "NetworkInterfaceId": "eni-0bc184afb4d518da0",
                    "OwnerId": "083742125293",
                    "PrivateDnsName": "ip-172-31-23-236.eu-west-1.compute.internal",
                    "PrivateIpAddress": "172.31.23.236",
                    "PrivateIpAddresses": [
                        {
                            "Primary": true,
                            "PrivateDnsName": "ip-172-31-23-236.eu-west-1.compute.internal",
                            "PrivateIpAddress": "172.31.23.236"
                        }
                    ],
                    "SourceDestCheck": true,
                    "Status": "in-use",
                    "SubnetId": "subnet-0b196e43",
                    "VpcId": "vpc-0c98b36a"
                }
            ],
            "RootDeviceName": "/dev/sda1",
            "RootDeviceType": "ebs",
            "SecurityGroups": [
                {
                    "GroupName": "default",
                    "GroupId": "sg-15c88e64"
                }
            ],
            "SourceDestCheck": true,
            "StateReason": {
                "Code": "pending",
                "Message": "pending"
            },
            "VirtualizationType": "hvm",
            "CpuOptions": {
                "CoreCount": 1,
                "ThreadsPerCore": 1
            }
        }
    ],
    "OwnerId": "083742125293",
    "ReservationId": "r-027d01d97fe2d0fab"
}
{
    "Groups": [],
    "Instances": [
        {
            "AmiLaunchIndex": 0,
            "ImageId": "ami-1b791862",
            "InstanceId": "i-07db405ed61884934",
            "InstanceType": "t2.micro",
            "LaunchTime": "2019-01-13T18:26:17.000Z",
            "Monitoring": {
                "State": "disabled"
            },
            "Placement": {
                "AvailabilityZone": "eu-west-1a",
                "GroupName": "",
                "Tenancy": "default"
            },
            "PrivateDnsName": "ip-172-31-20-153.eu-west-1.compute.internal",
            "PrivateIpAddress": "172.31.20.153",
            "ProductCodes": [],
            "PublicDnsName": "",
            "State": {
                "Code": 0,
                "Name": "pending"
            },
            "StateTransitionReason": "",
            "SubnetId": "subnet-0b196e43",
            "VpcId": "vpc-0c98b36a",
            "Architecture": "x86_64",
            "BlockDeviceMappings": [],
            "ClientToken": "",
            "EbsOptimized": false,
            "Hypervisor": "xen",
            "NetworkInterfaces": [
                {
                    "Attachment": {
                        "AttachTime": "2019-01-13T18:26:17.000Z",
                        "AttachmentId": "eni-attach-0a1de5fec47df047b",
                        "DeleteOnTermination": true,
                        "DeviceIndex": 0,
                        "Status": "attaching"
                    },
                    "Description": "",
                    "Groups": [
                        {
                            "GroupName": "default",
                            "GroupId": "sg-15c88e64"
                        }
                    ],
                    "Ipv6Addresses": [],
                    "MacAddress": "06:1d:c8:97:e4:cc",
                    "NetworkInterfaceId": "eni-07e31234dd5371b55",
                    "OwnerId": "083742125293",
                    "PrivateDnsName": "ip-172-31-20-153.eu-west-1.compute.internal",
                    "PrivateIpAddress": "172.31.20.153",
                    "PrivateIpAddresses": [
                        {
                            "Primary": true,
                            "PrivateDnsName": "ip-172-31-20-153.eu-west-1.compute.internal",
                            "PrivateIpAddress": "172.31.20.153"
                        }
                    ],
                    "SourceDestCheck": true,
                    "Status": "in-use",
                    "SubnetId": "subnet-0b196e43",
                    "VpcId": "vpc-0c98b36a"
                }
            ],
            "RootDeviceName": "/dev/sda1",
            "RootDeviceType": "ebs",
            "SecurityGroups": [
                {
                    "GroupName": "default",
                    "GroupId": "sg-15c88e64"
                }
            ],
            "SourceDestCheck": true,
            "StateReason": {
                "Code": "pending",
                "Message": "pending"
            },
            "VirtualizationType": "hvm",
            "CpuOptions": {
                "CoreCount": 1,
                "ThreadsPerCore": 1
            }
        }
    ],
    "OwnerId": "083742125293",
    "ReservationId": "r-095f5d3645dcca830"
}
{
    "Groups": [],
    "Instances": [
        {
            "AmiLaunchIndex": 0,
            "ImageId": "ami-1b791862",
            "InstanceId": "i-04e624004fc34cb49",
            "InstanceType": "t2.micro",
            "LaunchTime": "2019-01-13T18:26:40.000Z",
            "Monitoring": {
                "State": "disabled"
            },
            "Placement": {
                "AvailabilityZone": "eu-west-1a",
                "GroupName": "",
                "Tenancy": "default"
            },
            "PrivateDnsName": "ip-172-31-24-61.eu-west-1.compute.internal",
            "PrivateIpAddress": "172.31.24.61",
            "ProductCodes": [],
            "PublicDnsName": "",
            "State": {
                "Code": 0,
                "Name": "pending"
            },
            "StateTransitionReason": "",
            "SubnetId": "subnet-0b196e43",
            "VpcId": "vpc-0c98b36a",
            "Architecture": "x86_64",
            "BlockDeviceMappings": [],
            "ClientToken": "",
            "EbsOptimized": false,
            "Hypervisor": "xen",
            "NetworkInterfaces": [
                {
                    "Attachment": {
                        "AttachTime": "2019-01-13T18:26:40.000Z",
                        "AttachmentId": "eni-attach-097a662316ad738e2",
                        "DeleteOnTermination": true,
                        "DeviceIndex": 0,
                        "Status": "attaching"
                    },
                    "Description": "",
                    "Groups": [
                        {
                            "GroupName": "default",
                            "GroupId": "sg-15c88e64"
                        }
                    ],
                    "Ipv6Addresses": [],
                    "MacAddress": "06:96:b2:88:1c:90",
                    "NetworkInterfaceId": "eni-0693e6c005524882e",
                    "OwnerId": "083742125293",
                    "PrivateDnsName": "ip-172-31-24-61.eu-west-1.compute.internal",
                    "PrivateIpAddress": "172.31.24.61",
                    "PrivateIpAddresses": [
                        {
                            "Primary": true,
                            "PrivateDnsName": "ip-172-31-24-61.eu-west-1.compute.internal",
                            "PrivateIpAddress": "172.31.24.61"
                        }
                    ],
                    "SourceDestCheck": true,
                    "Status": "in-use",
                    "SubnetId": "subnet-0b196e43",
                    "VpcId": "vpc-0c98b36a"
                }
            ],
            "RootDeviceName": "/dev/sda1",
            "RootDeviceType": "ebs",
            "SecurityGroups": [
                {
                    "GroupName": "default",
                    "GroupId": "sg-15c88e64"
                }
            ],
            "SourceDestCheck": true,
            "StateReason": {
                "Code": "pending",
                "Message": "pending"
            },
            "VirtualizationType": "hvm",
            "CpuOptions": {
                "CoreCount": 1,
                "ThreadsPerCore": 1
            }
        }
    ],
    "OwnerId": "083742125293",
    "ReservationId": "r-011e6ec242b1585b8"
}
{
    "Groups": [],
    "Instances": [
        {
            "AmiLaunchIndex": 0,
            "ImageId": "ami-1b791862",
            "InstanceId": "i-03a2a89d3ada73369",
            "InstanceType": "t2.micro",
            "LaunchTime": "2019-01-13T18:38:41.000Z",
            "Monitoring": {
                "State": "disabled"
            },
            "Placement": {
                "AvailabilityZone": "eu-west-1c",
                "GroupName": "",
                "Tenancy": "default"
            },
            "PrivateDnsName": "ip-172-31-5-184.eu-west-1.compute.internal",
            "PrivateIpAddress": "172.31.5.184",
            "ProductCodes": [],
            "PublicDnsName": "",
            "State": {
                "Code": 0,
                "Name": "pending"
            },
            "StateTransitionReason": "",
            "SubnetId": "subnet-c485e1a2",
            "VpcId": "vpc-0c98b36a",
            "Architecture": "x86_64",
            "BlockDeviceMappings": [],
            "ClientToken": "",
            "EbsOptimized": false,
            "Hypervisor": "xen",
            "NetworkInterfaces": [
                {
                    "Attachment": {
                        "AttachTime": "2019-01-13T18:38:41.000Z",
                        "AttachmentId": "eni-attach-0f84ef5d11e9010fd",
                        "DeleteOnTermination": true,
                        "DeviceIndex": 0,
                        "Status": "attaching"
                    },
                    "Description": "",
                    "Groups": [
                        {
                            "GroupName": "default",
                            "GroupId": "sg-15c88e64"
                        }
                    ],
                    "Ipv6Addresses": [],
                    "MacAddress": "02:6f:5d:61:0c:c2",
                    "NetworkInterfaceId": "eni-0f57084537e56480c",
                    "OwnerId": "083742125293",
                    "PrivateDnsName": "ip-172-31-5-184.eu-west-1.compute.internal",
                    "PrivateIpAddress": "172.31.5.184",
                    "PrivateIpAddresses": [
                        {
                            "Primary": true,
                            "PrivateDnsName": "ip-172-31-5-184.eu-west-1.compute.internal",
                            "PrivateIpAddress": "172.31.5.184"
                        }
                    ],
                    "SourceDestCheck": true,
                    "Status": "in-use",
                    "SubnetId": "subnet-c485e1a2",
                    "VpcId": "vpc-0c98b36a"
                }
            ],
            "RootDeviceName": "/dev/sda1",
            "RootDeviceType": "ebs",
            "SecurityGroups": [
                {
                    "GroupName": "default",
                    "GroupId": "sg-15c88e64"
                }
            ],
            "SourceDestCheck": true,
            "StateReason": {
                "Code": "pending",
                "Message": "pending"
            },
            "VirtualizationType": "hvm",
            "CpuOptions": {
                "CoreCount": 1,
                "ThreadsPerCore": 1
            }
        }
    ],
    "OwnerId": "083742125293",
    "ReservationId": "r-0ee44fd128b70f1b5"
}
{
    "Groups": [],
    "Instances": [
        {
            "AmiLaunchIndex": 0,
            "ImageId": "ami-1b791862",
            "InstanceId": "i-01108e209517e1785",
            "InstanceType": "t2.micro",
            "LaunchTime": "2019-01-13T18:39:09.000Z",
            "Monitoring": {
                "State": "disabled"
            },
            "Placement": {
                "AvailabilityZone": "eu-west-1c",
                "GroupName": "",
                "Tenancy": "default"
            },
            "PrivateDnsName": "ip-172-31-9-135.eu-west-1.compute.internal",
            "PrivateIpAddress": "172.31.9.135",
            "ProductCodes": [],
            "PublicDnsName": "",
            "State": {
                "Code": 0,
                "Name": "pending"
            },
            "StateTransitionReason": "",
            "SubnetId": "subnet-c485e1a2",
            "VpcId": "vpc-0c98b36a",
            "Architecture": "x86_64",
            "BlockDeviceMappings": [],
            "ClientToken": "",
            "EbsOptimized": false,
            "Hypervisor": "xen",
            "NetworkInterfaces": [
                {
                    "Attachment": {
                        "AttachTime": "2019-01-13T18:39:09.000Z",
                        "AttachmentId": "eni-attach-0508bdde8a18e200f",
                        "DeleteOnTermination": true,
                        "DeviceIndex": 0,
                        "Status": "attaching"
                    },
                    "Description": "",
                    "Groups": [
                        {
                            "GroupName": "default",
                            "GroupId": "sg-15c88e64"
                        }
                    ],
                    "Ipv6Addresses": [],
                    "MacAddress": "02:c1:2e:e7:d7:8c",
                    "NetworkInterfaceId": "eni-06fb16dd5a75dd760",
                    "OwnerId": "083742125293",
                    "PrivateDnsName": "ip-172-31-9-135.eu-west-1.compute.internal",
                    "PrivateIpAddress": "172.31.9.135",
                    "PrivateIpAddresses": [
                        {
                            "Primary": true,
                            "PrivateDnsName": "ip-172-31-9-135.eu-west-1.compute.internal",
                            "PrivateIpAddress": "172.31.9.135"
                        }
                    ],
                    "SourceDestCheck": true,
                    "Status": "in-use",
                    "SubnetId": "subnet-c485e1a2",
                    "VpcId": "vpc-0c98b36a"
                }
            ],
            "RootDeviceName": "/dev/sda1",
            "RootDeviceType": "ebs",
            "SecurityGroups": [
                {
                    "GroupName": "default",
                    "GroupId": "sg-15c88e64"
                }
            ],
            "SourceDestCheck": true,
            "StateReason": {
                "Code": "pending",
                "Message": "pending"
            },
            "VirtualizationType": "hvm",
            "CpuOptions": {
                "CoreCount": 1,
                "ThreadsPerCore": 1
            }
        }
    ],
    "OwnerId": "083742125293",
    "ReservationId": "r-0ea2d8a1f87ffae3a"
}
{
    "Groups": [],
    "Instances": [
        {
            "AmiLaunchIndex": 0,
            "ImageId": "ami-1b791862",
            "InstanceId": "i-051655033c549c43f",
            "InstanceType": "t2.micro",
            "LaunchTime": "2019-01-13T18:39:36.000Z",
            "Monitoring": {
                "State": "disabled"
            },
            "Placement": {
                "AvailabilityZone": "eu-west-1c",
                "GroupName": "",
                "Tenancy": "default"
            },
            "PrivateDnsName": "ip-172-31-6-255.eu-west-1.compute.internal",
            "PrivateIpAddress": "172.31.6.255",
            "ProductCodes": [],
            "PublicDnsName": "",
            "State": {
                "Code": 0,
                "Name": "pending"
            },
            "StateTransitionReason": "",
            "SubnetId": "subnet-c485e1a2",
            "VpcId": "vpc-0c98b36a",
            "Architecture": "x86_64",
            "BlockDeviceMappings": [],
            "ClientToken": "",
            "EbsOptimized": false,
            "Hypervisor": "xen",
            "NetworkInterfaces": [
                {
                    "Attachment": {
                        "AttachTime": "2019-01-13T18:39:36.000Z",
                        "AttachmentId": "eni-attach-07150e84c0817f5c9",
                        "DeleteOnTermination": true,
                        "DeviceIndex": 0,
                        "Status": "attaching"
                    },
                    "Description": "",
                    "Groups": [
                        {
                            "GroupName": "default",
                            "GroupId": "sg-15c88e64"
                        }
                    ],
                    "Ipv6Addresses": [],
                    "MacAddress": "02:10:12:82:63:ce",
                    "NetworkInterfaceId": "eni-08736b1863979252d",
                    "OwnerId": "083742125293",
                    "PrivateDnsName": "ip-172-31-6-255.eu-west-1.compute.internal",
                    "PrivateIpAddress": "172.31.6.255",
                    "PrivateIpAddresses": [
                        {
                            "Primary": true,
                            "PrivateDnsName": "ip-172-31-6-255.eu-west-1.compute.internal",
                            "PrivateIpAddress": "172.31.6.255"
                        }
                    ],
                    "SourceDestCheck": true,
                    "Status": "in-use",
                    "SubnetId": "subnet-c485e1a2",
                    "VpcId": "vpc-0c98b36a"
                }
            ],
            "RootDeviceName": "/dev/sda1",
            "RootDeviceType": "ebs",
            "SecurityGroups": [
                {
                    "GroupName": "default",
                    "GroupId": "sg-15c88e64"
                }
            ],
            "SourceDestCheck": true,
            "StateReason": {
                "Code": "pending",
                "Message": "pending"
            },
            "VirtualizationType": "hvm",
            "CpuOptions": {
                "CoreCount": 1,
                "ThreadsPerCore": 1
            }
        }
    ],
    "OwnerId": "083742125293",
    "ReservationId": "r-0537b474425b80e28"
}
{
    "Groups": [],
    "Instances": [
        {
            "AmiLaunchIndex": 0,
            "ImageId": "ami-1b791862",
            "InstanceId": "i-00266501145f4f5ed",
            "InstanceType": "t2.micro",
            "LaunchTime": "2019-01-13T18:40:04.000Z",
            "Monitoring": {
                "State": "disabled"
            },
            "Placement": {
                "AvailabilityZone": "eu-west-1c",
                "GroupName": "",
                "Tenancy": "default"
            },
            "PrivateDnsName": "ip-172-31-5-88.eu-west-1.compute.internal",
            "PrivateIpAddress": "172.31.5.88",
            "ProductCodes": [],
            "PublicDnsName": "",
            "State": {
                "Code": 0,
                "Name": "pending"
            },
            "StateTransitionReason": "",
            "SubnetId": "subnet-c485e1a2",
            "VpcId": "vpc-0c98b36a",
            "Architecture": "x86_64",
            "BlockDeviceMappings": [],
            "ClientToken": "",
            "EbsOptimized": false,
            "Hypervisor": "xen",
            "NetworkInterfaces": [
                {
                    "Attachment": {
                        "AttachTime": "2019-01-13T18:40:03.000Z",
                        "AttachmentId": "eni-attach-0c7a6d593a7147b6d",
                        "DeleteOnTermination": true,
                        "DeviceIndex": 0,
                        "Status": "attaching"
                    },
                    "Description": "",
                    "Groups": [
                        {
                            "GroupName": "default",
                            "GroupId": "sg-15c88e64"
                        }
                    ],
                    "Ipv6Addresses": [],
                    "MacAddress": "02:2d:44:6a:c9:86",
                    "NetworkInterfaceId": "eni-0dff6b82a6420eb0f",
                    "OwnerId": "083742125293",
                    "PrivateDnsName": "ip-172-31-5-88.eu-west-1.compute.internal",
                    "PrivateIpAddress": "172.31.5.88",
                    "PrivateIpAddresses": [
                        {
                            "Primary": true,
                            "PrivateDnsName": "ip-172-31-5-88.eu-west-1.compute.internal",
                            "PrivateIpAddress": "172.31.5.88"
                        }
                    ],
                    "SourceDestCheck": true,
                    "Status": "in-use",
                    "SubnetId": "subnet-c485e1a2",
                    "VpcId": "vpc-0c98b36a"
                }
            ],
            "RootDeviceName": "/dev/sda1",
            "RootDeviceType": "ebs",
            "SecurityGroups": [
                {
                    "GroupName": "default",
                    "GroupId": "sg-15c88e64"
                }
            ],
            "SourceDestCheck": true,
            "StateReason": {
                "Code": "pending",
                "Message": "pending"
            },
            "VirtualizationType": "hvm",
            "CpuOptions": {
                "CoreCount": 1,
                "ThreadsPerCore": 1
            }
        }
    ],
    "OwnerId": "083742125293",
    "ReservationId": "r-047ab51dccf0682b9"
}
{
    "Groups": [],
    "Instances": [
        {
            "AmiLaunchIndex": 0,
            "ImageId": "ami-1b791862",
            "InstanceId": "i-0a8a774b3bbd0b715",
            "InstanceType": "t2.micro",
            "LaunchTime": "2019-01-13T18:40:31.000Z",
            "Monitoring": {
                "State": "disabled"
            },
            "Placement": {
                "AvailabilityZone": "eu-west-1c",
                "GroupName": "",
                "Tenancy": "default"
            },
            "PrivateDnsName": "ip-172-31-7-186.eu-west-1.compute.internal",
            "PrivateIpAddress": "172.31.7.186",
            "ProductCodes": [],
            "PublicDnsName": "",
            "State": {
                "Code": 0,
                "Name": "pending"
            },
            "StateTransitionReason": "",
            "SubnetId": "subnet-c485e1a2",
            "VpcId": "vpc-0c98b36a",
            "Architecture": "x86_64",
            "BlockDeviceMappings": [],
            "ClientToken": "",
            "EbsOptimized": false,
            "Hypervisor": "xen",
            "NetworkInterfaces": [
                {
                    "Attachment": {
                        "AttachTime": "2019-01-13T18:40:31.000Z",
                        "AttachmentId": "eni-attach-01b96921be76918dd",
                        "DeleteOnTermination": true,
                        "DeviceIndex": 0,
                        "Status": "attaching"
                    },
                    "Description": "",
                    "Groups": [
                        {
                            "GroupName": "default",
                            "GroupId": "sg-15c88e64"
                        }
                    ],
                    "Ipv6Addresses": [],
                    "MacAddress": "02:d9:15:54:5a:e4",
                    "NetworkInterfaceId": "eni-0b6cca467fe28a4a9",
                    "OwnerId": "083742125293",
                    "PrivateDnsName": "ip-172-31-7-186.eu-west-1.compute.internal",
                    "PrivateIpAddress": "172.31.7.186",
                    "PrivateIpAddresses": [
                        {
                            "Primary": true,
                            "PrivateDnsName": "ip-172-31-7-186.eu-west-1.compute.internal",
                            "PrivateIpAddress": "172.31.7.186"
                        }
                    ],
                    "SourceDestCheck": true,
                    "Status": "in-use",
                    "SubnetId": "subnet-c485e1a2",
                    "VpcId": "vpc-0c98b36a"
                }
            ],
            "RootDeviceName": "/dev/sda1",
            "RootDeviceType": "ebs",
            "SecurityGroups": [
                {
                    "GroupName": "default",
                    "GroupId": "sg-15c88e64"
                }
            ],
            "SourceDestCheck": true,
            "StateReason": {
                "Code": "pending",
                "Message": "pending"
            },
            "VirtualizationType": "hvm",
            "CpuOptions": {
                "CoreCount": 1,
                "ThreadsPerCore": 1
            }
        }
    ],
    "OwnerId": "083742125293",
    "ReservationId": "r-004efc27d4a6b88a8"
}
{
    "Groups": [],
    "Instances": [
        {
            "AmiLaunchIndex": 0,
            "ImageId": "ami-1b791862",
            "InstanceId": "i-0235fdadf03685fa6",
            "InstanceType": "t2.micro",
            "LaunchTime": "2019-01-13T19:00:57.000Z",
            "Monitoring": {
                "State": "disabled"
            },
            "Placement": {
                "AvailabilityZone": "eu-west-1a",
                "GroupName": "",
                "Tenancy": "default"
            },
            "PrivateDnsName": "ip-172-31-18-137.eu-west-1.compute.internal",
            "PrivateIpAddress": "172.31.18.137",
            "ProductCodes": [],
            "PublicDnsName": "",
            "State": {
                "Code": 0,
                "Name": "pending"
            },
            "StateTransitionReason": "",
            "SubnetId": "subnet-0b196e43",
            "VpcId": "vpc-0c98b36a",
            "Architecture": "x86_64",
            "BlockDeviceMappings": [],
            "ClientToken": "",
            "EbsOptimized": false,
            "Hypervisor": "xen",
            "NetworkInterfaces": [
                {
                    "Attachment": {
                        "AttachTime": "2019-01-13T19:00:57.000Z",
                        "AttachmentId": "eni-attach-00fe498d0dead76e9",
                        "DeleteOnTermination": true,
                        "DeviceIndex": 0,
                        "Status": "attaching"
                    },
                    "Description": "",
                    "Groups": [
                        {
                            "GroupName": "default",
                            "GroupId": "sg-15c88e64"
                        }
                    ],
                    "Ipv6Addresses": [],
                    "MacAddress": "06:ee:3a:57:eb:08",
                    "NetworkInterfaceId": "eni-039cb99a574800401",
                    "OwnerId": "083742125293",
                    "PrivateDnsName": "ip-172-31-18-137.eu-west-1.compute.internal",
                    "PrivateIpAddress": "172.31.18.137",
                    "PrivateIpAddresses": [
                        {
                            "Primary": true,
                            "PrivateDnsName": "ip-172-31-18-137.eu-west-1.compute.internal",
                            "PrivateIpAddress": "172.31.18.137"
                        }
                    ],
                    "SourceDestCheck": true,
                    "Status": "in-use",
                    "SubnetId": "subnet-0b196e43",
                    "VpcId": "vpc-0c98b36a"
                }
            ],
            "RootDeviceName": "/dev/sda1",
            "RootDeviceType": "ebs",
            "SecurityGroups": [
                {
                    "GroupName": "default",
                    "GroupId": "sg-15c88e64"
                }
            ],
            "SourceDestCheck": true,
            "StateReason": {
                "Code": "pending",
                "Message": "pending"
            },
            "VirtualizationType": "hvm",
            "CpuOptions": {
                "CoreCount": 1,
                "ThreadsPerCore": 1
            }
        }
    ],
    "OwnerId": "083742125293",
    "ReservationId": "r-0fc6b95e970e898f4"
}
{
    "Groups": [],
    "Instances": [
        {
            "AmiLaunchIndex": 0,
            "ImageId": "ami-1b791862",
            "InstanceId": "i-0451b236d8a9d99cc",
            "InstanceType": "t2.micro",
            "LaunchTime": "2019-01-13T19:01:25.000Z",
            "Monitoring": {
                "State": "disabled"
            },
            "Placement": {
                "AvailabilityZone": "eu-west-1a",
                "GroupName": "",
                "Tenancy": "default"
            },
            "PrivateDnsName": "ip-172-31-24-5.eu-west-1.compute.internal",
            "PrivateIpAddress": "172.31.24.5",
            "ProductCodes": [],
            "PublicDnsName": "",
            "State": {
                "Code": 0,
                "Name": "pending"
            },
            "StateTransitionReason": "",
            "SubnetId": "subnet-0b196e43",
            "VpcId": "vpc-0c98b36a",
            "Architecture": "x86_64",
            "BlockDeviceMappings": [],
            "ClientToken": "",
            "EbsOptimized": false,
            "Hypervisor": "xen",
            "NetworkInterfaces": [
                {
                    "Attachment": {
                        "AttachTime": "2019-01-13T19:01:25.000Z",
                        "AttachmentId": "eni-attach-0c3d892f7d968c7f5",
                        "DeleteOnTermination": true,
                        "DeviceIndex": 0,
                        "Status": "attaching"
                    },
                    "Description": "",
                    "Groups": [
                        {
                            "GroupName": "default",
                            "GroupId": "sg-15c88e64"
                        }
                    ],
                    "Ipv6Addresses": [],
                    "MacAddress": "06:20:53:3e:59:ee",
                    "NetworkInterfaceId": "eni-0f6146865e115c673",
                    "OwnerId": "083742125293",
                    "PrivateDnsName": "ip-172-31-24-5.eu-west-1.compute.internal",
                    "PrivateIpAddress": "172.31.24.5",
                    "PrivateIpAddresses": [
                        {
                            "Primary": true,
                            "PrivateDnsName": "ip-172-31-24-5.eu-west-1.compute.internal",
                            "PrivateIpAddress": "172.31.24.5"
                        }
                    ],
                    "SourceDestCheck": true,
                    "Status": "in-use",
                    "SubnetId": "subnet-0b196e43",
                    "VpcId": "vpc-0c98b36a"
                }
            ],
            "RootDeviceName": "/dev/sda1",
            "RootDeviceType": "ebs",
            "SecurityGroups": [
                {
                    "GroupName": "default",
                    "GroupId": "sg-15c88e64"
                }
            ],
            "SourceDestCheck": true,
            "StateReason": {
                "Code": "pending",
                "Message": "pending"
            },
            "VirtualizationType": "hvm",
            "CpuOptions": {
                "CoreCount": 1,
                "ThreadsPerCore": 1
            }
        }
    ],
    "OwnerId": "083742125293",
    "ReservationId": "r-02986ac5480d45219"
}
{
    "Groups": [],
    "Instances": [
        {
            "AmiLaunchIndex": 0,
            "ImageId": "ami-1b791862",
            "InstanceId": "i-0c4fdf102fe99c822",
            "InstanceType": "t2.micro",
            "LaunchTime": "2019-01-13T19:01:52.000Z",
            "Monitoring": {
                "State": "disabled"
            },
            "Placement": {
                "AvailabilityZone": "eu-west-1a",
                "GroupName": "",
                "Tenancy": "default"
            },
            "PrivateDnsName": "ip-172-31-28-126.eu-west-1.compute.internal",
            "PrivateIpAddress": "172.31.28.126",
            "ProductCodes": [],
            "PublicDnsName": "",
            "State": {
                "Code": 0,
                "Name": "pending"
            },
            "StateTransitionReason": "",
            "SubnetId": "subnet-0b196e43",
            "VpcId": "vpc-0c98b36a",
            "Architecture": "x86_64",
            "BlockDeviceMappings": [],
            "ClientToken": "",
            "EbsOptimized": false,
            "Hypervisor": "xen",
            "NetworkInterfaces": [
                {
                    "Attachment": {
                        "AttachTime": "2019-01-13T19:01:52.000Z",
                        "AttachmentId": "eni-attach-02cf4af585b9abfe5",
                        "DeleteOnTermination": true,
                        "DeviceIndex": 0,
                        "Status": "attaching"
                    },
                    "Description": "",
                    "Groups": [
                        {
                            "GroupName": "default",
                            "GroupId": "sg-15c88e64"
                        }
                    ],
                    "Ipv6Addresses": [],
                    "MacAddress": "06:9f:92:18:4b:b0",
                    "NetworkInterfaceId": "eni-0e709c235958e5196",
                    "OwnerId": "083742125293",
                    "PrivateDnsName": "ip-172-31-28-126.eu-west-1.compute.internal",
                    "PrivateIpAddress": "172.31.28.126",
                    "PrivateIpAddresses": [
                        {
                            "Primary": true,
                            "PrivateDnsName": "ip-172-31-28-126.eu-west-1.compute.internal",
                            "PrivateIpAddress": "172.31.28.126"
                        }
                    ],
                    "SourceDestCheck": true,
                    "Status": "in-use",
                    "SubnetId": "subnet-0b196e43",
                    "VpcId": "vpc-0c98b36a"
                }
            ],
            "RootDeviceName": "/dev/sda1",
            "RootDeviceType": "ebs",
            "SecurityGroups": [
                {
                    "GroupName": "default",
                    "GroupId": "sg-15c88e64"
                }
            ],
            "SourceDestCheck": true,
            "StateReason": {
                "Code": "pending",
                "Message": "pending"
            },
            "VirtualizationType": "hvm",
            "CpuOptions": {
                "CoreCount": 1,
                "ThreadsPerCore": 1
            }
        }
    ],
    "OwnerId": "083742125293",
    "ReservationId": "r-04da339e5232013e8"
}
{
    "Groups": [],
    "Instances": [
        {
            "AmiLaunchIndex": 0,
            "ImageId": "ami-1b791862",
            "InstanceId": "i-02f6d0f8689156feb",
            "InstanceType": "t2.micro",
            "LaunchTime": "2019-01-13T19:02:19.000Z",
            "Monitoring": {
                "State": "disabled"
            },
            "Placement": {
                "AvailabilityZone": "eu-west-1a",
                "GroupName": "",
                "Tenancy": "default"
            },
            "PrivateDnsName": "ip-172-31-27-122.eu-west-1.compute.internal",
            "PrivateIpAddress": "172.31.27.122",
            "ProductCodes": [],
            "PublicDnsName": "",
            "State": {
                "Code": 0,
                "Name": "pending"
            },
            "StateTransitionReason": "",
            "SubnetId": "subnet-0b196e43",
            "VpcId": "vpc-0c98b36a",
            "Architecture": "x86_64",
            "BlockDeviceMappings": [],
            "ClientToken": "",
            "EbsOptimized": false,
            "Hypervisor": "xen",
            "NetworkInterfaces": [
                {
                    "Attachment": {
                        "AttachTime": "2019-01-13T19:02:19.000Z",
                        "AttachmentId": "eni-attach-0e9b565f72d23f851",
                        "DeleteOnTermination": true,
                        "DeviceIndex": 0,
                        "Status": "attaching"
                    },
                    "Description": "",
                    "Groups": [
                        {
                            "GroupName": "default",
                            "GroupId": "sg-15c88e64"
                        }
                    ],
                    "Ipv6Addresses": [],
                    "MacAddress": "06:fe:bd:15:76:52",
                    "NetworkInterfaceId": "eni-0fc66fc068b6cf37f",
                    "OwnerId": "083742125293",
                    "PrivateDnsName": "ip-172-31-27-122.eu-west-1.compute.internal",
                    "PrivateIpAddress": "172.31.27.122",
                    "PrivateIpAddresses": [
                        {
                            "Primary": true,
                            "PrivateDnsName": "ip-172-31-27-122.eu-west-1.compute.internal",
                            "PrivateIpAddress": "172.31.27.122"
                        }
                    ],
                    "SourceDestCheck": true,
                    "Status": "in-use",
                    "SubnetId": "subnet-0b196e43",
                    "VpcId": "vpc-0c98b36a"
                }
            ],
            "RootDeviceName": "/dev/sda1",
            "RootDeviceType": "ebs",
            "SecurityGroups": [
                {
                    "GroupName": "default",
                    "GroupId": "sg-15c88e64"
                }
            ],
            "SourceDestCheck": true,
            "StateReason": {
                "Code": "pending",
                "Message": "pending"
            },
            "VirtualizationType": "hvm",
            "CpuOptions": {
                "CoreCount": 1,
                "ThreadsPerCore": 1
            }
        }
    ],
    "OwnerId": "083742125293",
    "ReservationId": "r-008f04db037007848"
}
{
    "Groups": [],
    "Instances": [
        {
            "AmiLaunchIndex": 0,
            "ImageId": "ami-1b791862",
            "InstanceId": "i-072ee0a8fe2dc5872",
            "InstanceType": "t2.micro",
            "LaunchTime": "2019-01-13T19:02:46.000Z",
            "Monitoring": {
                "State": "disabled"
            },
            "Placement": {
                "AvailabilityZone": "eu-west-1a",
                "GroupName": "",
                "Tenancy": "default"
            },
            "PrivateDnsName": "ip-172-31-28-226.eu-west-1.compute.internal",
            "PrivateIpAddress": "172.31.28.226",
            "ProductCodes": [],
            "PublicDnsName": "",
            "State": {
                "Code": 0,
                "Name": "pending"
            },
            "StateTransitionReason": "",
            "SubnetId": "subnet-0b196e43",
            "VpcId": "vpc-0c98b36a",
            "Architecture": "x86_64",
            "BlockDeviceMappings": [],
            "ClientToken": "",
            "EbsOptimized": false,
            "Hypervisor": "xen",
            "NetworkInterfaces": [
                {
                    "Attachment": {
                        "AttachTime": "2019-01-13T19:02:46.000Z",
                        "AttachmentId": "eni-attach-029eab34e5e83975c",
                        "DeleteOnTermination": true,
                        "DeviceIndex": 0,
                        "Status": "attaching"
                    },
                    "Description": "",
                    "Groups": [
                        {
                            "GroupName": "default",
                            "GroupId": "sg-15c88e64"
                        }
                    ],
                    "Ipv6Addresses": [],
                    "MacAddress": "06:7f:95:17:db:50",
                    "NetworkInterfaceId": "eni-01926cd701be3abe0",
                    "OwnerId": "083742125293",
                    "PrivateDnsName": "ip-172-31-28-226.eu-west-1.compute.internal",
                    "PrivateIpAddress": "172.31.28.226",
                    "PrivateIpAddresses": [
                        {
                            "Primary": true,
                            "PrivateDnsName": "ip-172-31-28-226.eu-west-1.compute.internal",
                            "PrivateIpAddress": "172.31.28.226"
                        }
                    ],
                    "SourceDestCheck": true,
                    "Status": "in-use",
                    "SubnetId": "subnet-0b196e43",
                    "VpcId": "vpc-0c98b36a"
                }
            ],
            "RootDeviceName": "/dev/sda1",
            "RootDeviceType": "ebs",
            "SecurityGroups": [
                {
                    "GroupName": "default",
                    "GroupId": "sg-15c88e64"
                }
            ],
            "SourceDestCheck": true,
            "StateReason": {
                "Code": "pending",
                "Message": "pending"
            },
            "VirtualizationType": "hvm",
            "CpuOptions": {
                "CoreCount": 1,
                "ThreadsPerCore": 1
            }
        }
    ],
    "OwnerId": "083742125293",
    "ReservationId": "r-0bf38129e1666a011"
}
