[3J[H[2JPractica entrega - Apartado D --> Proceso 2: Autoescalado
Busca si la cola miFifo.fifo existe y si es así comprueba cada 15 segundos los mensajes encolados
para aumentar o disminuir la cantidad de instancias ec2 disponibles, hasta un maximo de 5
Leemos de la cola: https://eu-west-1.queue.amazonaws.com/083742125293/miFifo.fifo
Quedan 2 mensajes en la cola y tenemos 0 instancias activas
13/01/2019 20:00:53: El valor del algoritmo de escalado es: 2
------ Creamos una instancia:
aws --profile EC2 ec2 run-instances --image-id ami-1b791862 --count 1 --instance-type t2.micro
Esperamos 15 segundos........
Quedan 12 mensajes en la cola y tenemos 0 instancias activas
13/01/2019 20:01:21: El valor del algoritmo de escalado es: 12
------ Creamos una instancia:
aws --profile EC2 ec2 run-instances --image-id ami-1b791862 --count 1 --instance-type t2.micro
Esperamos 15 segundos........
Quedan 20 mensajes en la cola y tenemos 1 instancias activas
13/01/2019 20:01:48: El valor del algoritmo de escalado es: 19
------ Creamos una instancia:
aws --profile EC2 ec2 run-instances --image-id ami-1b791862 --count 1 --instance-type t2.micro
Esperamos 15 segundos........
Quedan 29 mensajes en la cola y tenemos 3 instancias activas
13/01/2019 20:02:15: El valor del algoritmo de escalado es: 26
------ Creamos una instancia:
aws --profile EC2 ec2 run-instances --image-id ami-1b791862 --count 1 --instance-type t2.micro
Esperamos 15 segundos........
Quedan 37 mensajes en la cola y tenemos 4 instancias activas
13/01/2019 20:02:41: El valor del algoritmo de escalado es: 33
------ Creamos una instancia:
aws --profile EC2 ec2 run-instances --image-id ami-1b791862 --count 1 --instance-type t2.micro
Esperamos 15 segundos........
Quedan 46 mensajes en la cola y tenemos 5 instancias activas
13/01/2019 20:03:08: El valor del algoritmo de escalado es: 41
...Esperar a que se consuman mensajes...
Esperamos 15 segundos........
Quedan 53 mensajes en la cola y tenemos 5 instancias activas
13/01/2019 20:03:30: El valor del algoritmo de escalado es: 48
...Esperar a que se consuman mensajes...
Esperamos 15 segundos........
Quedan 61 mensajes en la cola y tenemos 5 instancias activas
13/01/2019 20:03:53: El valor del algoritmo de escalado es: 56
...Esperar a que se consuman mensajes...
Esperamos 15 segundos........
Quedan 69 mensajes en la cola y tenemos 5 instancias activas
13/01/2019 20:04:17: El valor del algoritmo de escalado es: 64
...Esperar a que se consuman mensajes...
Esperamos 15 segundos........
Quedan 77 mensajes en la cola y tenemos 5 instancias activas
13/01/2019 20:04:41: El valor del algoritmo de escalado es: 72
...Esperar a que se consuman mensajes...
Esperamos 15 segundos........
Quedan 80 mensajes en la cola y tenemos 5 instancias activas
13/01/2019 20:05:01: El valor del algoritmo de escalado es: 75
...Esperar a que se consuman mensajes...
Esperamos 15 segundos........
Quedan 78 mensajes en la cola y tenemos 5 instancias activas
13/01/2019 20:05:21: El valor del algoritmo de escalado es: 73
...Esperar a que se consuman mensajes...
Esperamos 15 segundos........
Quedan 76 mensajes en la cola y tenemos 5 instancias activas
13/01/2019 20:05:40: El valor del algoritmo de escalado es: 71
...Esperar a que se consuman mensajes...
Esperamos 15 segundos........
Quedan 74 mensajes en la cola y tenemos 5 instancias activas
13/01/2019 20:06:00: El valor del algoritmo de escalado es: 69
...Esperar a que se consuman mensajes...
Esperamos 15 segundos........
Quedan 72 mensajes en la cola y tenemos 5 instancias activas
13/01/2019 20:06:24: El valor del algoritmo de escalado es: 67
...Esperar a que se consuman mensajes...
Esperamos 15 segundos........
Quedan 70 mensajes en la cola y tenemos 5 instancias activas
13/01/2019 20:06:45: El valor del algoritmo de escalado es: 65
...Esperar a que se consuman mensajes...
Esperamos 15 segundos........
Quedan 68 mensajes en la cola y tenemos 5 instancias activas
13/01/2019 20:07:05: El valor del algoritmo de escalado es: 63
...Esperar a que se consuman mensajes...
Esperamos 15 segundos........
Quedan 66 mensajes en la cola y tenemos 5 instancias activas
13/01/2019 20:07:28: El valor del algoritmo de escalado es: 61
...Esperar a que se consuman mensajes...
Esperamos 15 segundos........
Quedan 64 mensajes en la cola y tenemos 5 instancias activas
13/01/2019 20:07:47: El valor del algoritmo de escalado es: 59
...Esperar a que se consuman mensajes...
Esperamos 15 segundos........
Quedan 62 mensajes en la cola y tenemos 5 instancias activas
13/01/2019 20:08:06: El valor del algoritmo de escalado es: 57
...Esperar a que se consuman mensajes...
Esperamos 15 segundos........
Quedan 60 mensajes en la cola y tenemos 5 instancias activas
13/01/2019 20:08:24: El valor del algoritmo de escalado es: 55
...Esperar a que se consuman mensajes...
Esperamos 15 segundos........
Quedan 58 mensajes en la cola y tenemos 5 instancias activas
13/01/2019 20:08:43: El valor del algoritmo de escalado es: 53
...Esperar a que se consuman mensajes...
Esperamos 15 segundos........
Quedan 56 mensajes en la cola y tenemos 5 instancias activas
13/01/2019 20:09:07: El valor del algoritmo de escalado es: 51
...Esperar a que se consuman mensajes...
Esperamos 15 segundos........
Quedan 55 mensajes en la cola y tenemos 5 instancias activas
13/01/2019 20:09:36: El valor del algoritmo de escalado es: 50
...Esperar a que se consuman mensajes...
Esperamos 15 segundos........
Quedan 53 mensajes en la cola y tenemos 5 instancias activas
13/01/2019 20:09:57: El valor del algoritmo de escalado es: 48
...Esperar a que se consuman mensajes...
Esperamos 15 segundos........
Quedan 51 mensajes en la cola y tenemos 5 instancias activas
13/01/2019 20:10:18: El valor del algoritmo de escalado es: 46
...Esperar a que se consuman mensajes...
Esperamos 15 segundos........
Quedan 49 mensajes en la cola y tenemos 5 instancias activas
13/01/2019 20:10:39: El valor del algoritmo de escalado es: 44
...Esperar a que se consuman mensajes...
Esperamos 15 segundos........
Quedan 47 mensajes en la cola y tenemos 5 instancias activas
13/01/2019 20:11:00: El valor del algoritmo de escalado es: 42
...Esperar a que se consuman mensajes...
Esperamos 15 segundos........
Quedan 45 mensajes en la cola y tenemos 5 instancias activas
13/01/2019 20:11:21: El valor del algoritmo de escalado es: 40
...Esperar a que se consuman mensajes...
Esperamos 15 segundos........
Quedan 43 mensajes en la cola y tenemos 5 instancias activas
13/01/2019 20:11:42: El valor del algoritmo de escalado es: 38
...Esperar a que se consuman mensajes...
Esperamos 15 segundos........
Quedan 41 mensajes en la cola y tenemos 5 instancias activas
13/01/2019 20:12:06: El valor del algoritmo de escalado es: 36
...Esperar a que se consuman mensajes...
Esperamos 15 segundos........
Quedan 39 mensajes en la cola y tenemos 5 instancias activas
13/01/2019 20:12:25: El valor del algoritmo de escalado es: 34
...Esperar a que se consuman mensajes...
Esperamos 15 segundos........
Quedan 37 mensajes en la cola y tenemos 5 instancias activas
13/01/2019 20:12:43: El valor del algoritmo de escalado es: 32
...Esperar a que se consuman mensajes...
Esperamos 15 segundos........
Quedan 35 mensajes en la cola y tenemos 5 instancias activas
13/01/2019 20:13:02: El valor del algoritmo de escalado es: 30
...Esperar a que se consuman mensajes...
Esperamos 15 segundos........
Quedan 33 mensajes en la cola y tenemos 5 instancias activas
13/01/2019 20:13:21: El valor del algoritmo de escalado es: 28
...Esperar a que se consuman mensajes...
Esperamos 15 segundos........
Quedan 31 mensajes en la cola y tenemos 5 instancias activas
13/01/2019 20:13:43: El valor del algoritmo de escalado es: 26
...Esperar a que se consuman mensajes...
Esperamos 15 segundos........
Quedan 29 mensajes en la cola y tenemos 5 instancias activas
13/01/2019 20:14:07: El valor del algoritmo de escalado es: 24
...Esperar a que se consuman mensajes...
Esperamos 15 segundos........
Quedan 28 mensajes en la cola y tenemos 5 instancias activas
13/01/2019 20:14:28: El valor del algoritmo de escalado es: 23
...Esperar a que se consuman mensajes...
Esperamos 15 segundos........
Quedan 26 mensajes en la cola y tenemos 5 instancias activas
13/01/2019 20:14:47: El valor del algoritmo de escalado es: 21
...Esperar a que se consuman mensajes...
Esperamos 15 segundos........
Quedan 24 mensajes en la cola y tenemos 5 instancias activas
13/01/2019 20:15:08: El valor del algoritmo de escalado es: 19
...Esperar a que se consuman mensajes...
Esperamos 15 segundos........
Quedan 22 mensajes en la cola y tenemos 5 instancias activas
13/01/2019 20:15:31: El valor del algoritmo de escalado es: 17
...Esperar a que se consuman mensajes...
Esperamos 15 segundos........
Quedan 20 mensajes en la cola y tenemos 5 instancias activas
13/01/2019 20:15:53: El valor del algoritmo de escalado es: 15
...Esperar a que se consuman mensajes...
Esperamos 15 segundos........
Quedan 18 mensajes en la cola y tenemos 5 instancias activas
13/01/2019 20:16:16: El valor del algoritmo de escalado es: 13
...Esperar a que se consuman mensajes...
Esperamos 15 segundos........
Quedan 16 mensajes en la cola y tenemos 5 instancias activas
13/01/2019 20:16:36: El valor del algoritmo de escalado es: 11
...Esperar a que se consuman mensajes...
Esperamos 15 segundos........
Quedan 14 mensajes en la cola y tenemos 5 instancias activas
13/01/2019 20:16:59: El valor del algoritmo de escalado es: 9
...Esperar a que se consuman mensajes...
Esperamos 15 segundos........
Quedan 12 mensajes en la cola y tenemos 5 instancias activas
13/01/2019 20:17:20: El valor del algoritmo de escalado es: 7
...Esperar a que se consuman mensajes...
Esperamos 15 segundos........
Quedan 10 mensajes en la cola y tenemos 5 instancias activas
13/01/2019 20:17:41: El valor del algoritmo de escalado es: 5
...Esperar a que se consuman mensajes...
Esperamos 15 segundos........
Quedan 8 mensajes en la cola y tenemos 5 instancias activas
13/01/2019 20:18:03: El valor del algoritmo de escalado es: 3
...Esperar a que se consuman mensajes...
Esperamos 15 segundos........
Quedan 6 mensajes en la cola y tenemos 5 instancias activas
13/01/2019 20:18:24: El valor del algoritmo de escalado es: 1
...Esperar a que se consuman mensajes...
Esperamos 15 segundos........
Quedan 4 mensajes en la cola y tenemos 5 instancias activas
13/01/2019 20:18:45: El valor del algoritmo de escalado es: -1
------ Destruimos una instancia:
aws --profile EC2 ec2 terminate-instances --instance-ids i-0451b236d8a9d99cc
{
    "TerminatingInstances": [
        {
            "CurrentState": {
                "Code": 32,
                "Name": "shutting-down"
            },
            "InstanceId": "i-0451b236d8a9d99cc",
            "PreviousState": {
                "Code": 16,
                "Name": "running"
            }
        }
    ]
}
Esperamos 15 segundos........
Quedan 2 mensajes en la cola y tenemos 4 instancias activas
13/01/2019 20:19:09: El valor del algoritmo de escalado es: -2
------ Destruimos una instancia:
aws --profile EC2 ec2 terminate-instances --instance-ids i-072ee0a8fe2dc5872
{
    "TerminatingInstances": [
        {
            "CurrentState": {
                "Code": 32,
                "Name": "shutting-down"
            },
            "InstanceId": "i-072ee0a8fe2dc5872",
            "PreviousState": {
                "Code": 16,
                "Name": "running"
            }
        }
    ]
}
Esperamos 15 segundos........
Quedan 0 mensajes en la cola y tenemos 3 instancias activas
13/01/2019 20:19:38: El valor del algoritmo de escalado es: -3
------ Destruimos una instancia:
aws --profile EC2 ec2 terminate-instances --instance-ids i-02f6d0f8689156feb
{
    "TerminatingInstances": [
        {
            "CurrentState": {
                "Code": 32,
                "Name": "shutting-down"
            },
            "InstanceId": "i-02f6d0f8689156feb",
            "PreviousState": {
                "Code": 16,
                "Name": "running"
            }
        }
    ]
}
Esperamos 15 segundos........
Quedan 0 mensajes en la cola y tenemos 2 instancias activas
13/01/2019 20:20:04: El valor del algoritmo de escalado es: -2
------ Destruimos una instancia:
aws --profile EC2 ec2 terminate-instances --instance-ids i-0c4fdf102fe99c822
{
    "TerminatingInstances": [
        {
            "CurrentState": {
                "Code": 32,
                "Name": "shutting-down"
            },
            "InstanceId": "i-0c4fdf102fe99c822",
            "PreviousState": {
                "Code": 16,
                "Name": "running"
            }
        }
    ]
}
Esperamos 15 segundos........
Quedan 0 mensajes en la cola y tenemos 1 instancias activas
13/01/2019 20:20:28: El valor del algoritmo de escalado es: -1
------ Destruimos una instancia:
aws --profile EC2 ec2 terminate-instances --instance-ids i-0235fdadf03685fa6
{
    "TerminatingInstances": [
        {
            "CurrentState": {
                "Code": 32,
                "Name": "shutting-down"
            },
            "InstanceId": "i-0235fdadf03685fa6",
            "PreviousState": {
                "Code": 16,
                "Name": "running"
            }
        }
    ]
}
Esperamos 15 segundos........
Quedan 0 mensajes en la cola y tenemos 0 instancias activas
13/01/2019 20:20:52: El valor del algoritmo de escalado es: 0
--> No hacer nada
Esperamos 15 segundos........
